<?xml version="1.0" encoding="UTF-8"?>
<!-- Generated by org.testng.reporters.JUnitReportReporter -->
<testsuite skipped="0" hostname="70HW010694" name="com.test.CICDDemo.SeleniumTest" tests="2" failures="0" timestamp="02 Aug 2020 23:09:35 GMT" time="0.013" errors="0">
  <testcase name="elementsUi" time="0.002" classname="com.test.CICDDemo.SeleniumTest"/>
  <testcase name="BrowserAUtomation" time="0.011" classname="com.test.CICDDemo.SeleniumTest"/>
</testsuite> <!-- com.test.CICDDemo.SeleniumTest -->
